Not Implemented: /admin/
"GET /admin/ HTTP/1.1" 501 233
Not Implemented: /favicon.ico
"GET /favicon.ico HTTP/1.1" 501 233
Not Implemented: /api/
"GET /api/ HTTP/1.1" 501 233
Not Implemented: /favicon.ico
"GET /favicon.ico HTTP/1.1" 501 233
Not Implemented: /api/
"GET /api/ HTTP/1.1" 501 233
Not Implemented: /favicon.ico
"GET /favicon.ico HTTP/1.1" 501 233
Not Implemented: /api/
"GET /api/ HTTP/1.1" 501 233
Not Implemented: /favicon.ico
"GET /favicon.ico HTTP/1.1" 501 233
Not Implemented: /api/
"GET /api/ HTTP/1.1" 501 233
Not Implemented: /favicon.ico
"GET /favicon.ico HTTP/1.1" 501 233
Not Implemented: /api/
"GET /api/ HTTP/1.1" 501 233
Not Implemented: /favicon.ico
"GET /favicon.ico HTTP/1.1" 501 233
Not Found: /favicon.ico
"GET /favicon.ico HTTP/1.1" 404 2193
Not Found: /favicon.ico
"GET /favicon.ico HTTP/1.1" 404 2193
Not Found: /favicon.ico
"GET /favicon.ico HTTP/1.1" 404 2193
Not Found: /
"GET / HTTP/1.1" 404 2142
Not Found: /
"GET / HTTP/1.1" 404 2142
Not Found: /favicon.ico
"GET /favicon.ico HTTP/1.1" 404 2193
Not Found: /favicon.ico
"GET /favicon.ico HTTP/1.1" 404 2293
Not Found: /favicon.ico
"GET /favicon.ico HTTP/1.1" 404 2293
Not Found: /favicon.ico
"GET /favicon.ico HTTP/1.1" 404 2293
Not Found: /favicon.ico
"GET /favicon.ico HTTP/1.1" 404 2293
"GET /static/js/2.ea3d7f39.chunk.js HTTP/1.1" 404 1800
"GET /static/css/main.fcb0f327.chunk.css HTTP/1.1" 404 1815
"GET /static/js/main.f5ce2f9c.chunk.js HTTP/1.1" 404 1809
"GET /static/css/2.a602c9db.chunk.css HTTP/1.1" 404 1806
"GET /static/js/2.ea3d7f39.chunk.js HTTP/1.1" 404 1800
"GET /static/js/main.f5ce2f9c.chunk.js HTTP/1.1" 404 1809
"GET /static/css/2.a602c9db.chunk.css HTTP/1.1" 404 1806
"GET /static/css/main.fcb0f327.chunk.css HTTP/1.1" 404 1815
"GET /static/css/2.a602c9db.chunk.css HTTP/1.1" 404 1806
"GET /static/css/main.fcb0f327.chunk.css HTTP/1.1" 404 1815
"GET /static/js/2.ea3d7f39.chunk.js HTTP/1.1" 404 1800
"GET /static/js/main.f5ce2f9c.chunk.js HTTP/1.1" 404 1809
"GET /static/js/2.ea3d7f39.chunk.js HTTP/1.1" 404 1800
"GET /static/js/main.f5ce2f9c.chunk.js HTTP/1.1" 404 1809
"GET /static/css/2.a602c9db.chunk.css HTTP/1.1" 404 1806
"GET /static/css/main.fcb0f327.chunk.css HTTP/1.1" 404 1815
"GET /static/js/2.ea3d7f39.chunk.js HTTP/1.1" 404 1800
"GET /static/js/main.f5ce2f9c.chunk.js HTTP/1.1" 404 1809
"GET /static/js/2.ea3d7f39.chunk.js HTTP/1.1" 404 1800
"GET /static/js/main.f5ce2f9c.chunk.js HTTP/1.1" 404 1809
"GET /static/css/2.a602c9db.chunk.css HTTP/1.1" 404 1806
"GET /static/js/2.ea3d7f39.chunk.js HTTP/1.1" 404 1800
"GET /static/css/main.fcb0f327.chunk.css HTTP/1.1" 404 1815
"GET /static/js/main.f5ce2f9c.chunk.js HTTP/1.1" 404 1809
"GET /static/js/2.ea3d7f39.chunk.js HTTP/1.1" 404 1800
"GET /static/js/main.f5ce2f9c.chunk.js HTTP/1.1" 404 1809
"GET /static/css/main.fcb0f327.chunk.css HTTP/1.1" 404 1815
"GET /static/css/2.a602c9db.chunk.css HTTP/1.1" 404 1806
"GET /static/js/2.ea3d7f39.chunk.js HTTP/1.1" 404 1800
"GET /static/js/main.f5ce2f9c.chunk.js HTTP/1.1" 404 1809
"GET /static/js/2.ea3d7f39.chunk.js HTTP/1.1" 404 1800
"GET /static/js/main.f5ce2f9c.chunk.js HTTP/1.1" 404 1809
"GET /static/css/2.a602c9db.chunk.css HTTP/1.1" 404 1806
"GET /static/css/main.fcb0f327.chunk.css HTTP/1.1" 404 1815
"GET /static/js/2.ea3d7f39.chunk.js HTTP/1.1" 404 1800
"GET /static/js/main.f5ce2f9c.chunk.js HTTP/1.1" 404 1809
Not Found: /logo192.png
"GET /logo192.png HTTP/1.1" 404 2293
Not Found: /favicon.ico
"GET /favicon.ico HTTP/1.1" 404 2293
"GET /static/css/2.a602c9db.chunk.css HTTP/1.1" 404 1698
"GET /static/js/2.ea3d7f39.chunk.js HTTP/1.1" 404 1692
"GET /static/css/main.fcb0f327.chunk.css HTTP/1.1" 404 1707
"GET /static/js/main.f5ce2f9c.chunk.js HTTP/1.1" 404 1701
"GET /static/js/2.ea3d7f39.chunk.js HTTP/1.1" 404 1692
"GET /static/js/main.f5ce2f9c.chunk.js HTTP/1.1" 404 1701
Not Found: /manifest.json
"GET /manifest.json HTTP/1.1" 404 2309
"GET /static/css/2.a602c9db.chunk.css HTTP/1.1" 404 1698
"GET /static/css/main.fcb0f327.chunk.css HTTP/1.1" 404 1707
"GET /static/js/2.ea3d7f39.chunk.js HTTP/1.1" 404 1692
"GET /static/js/main.f5ce2f9c.chunk.js HTTP/1.1" 404 1701
Not Found: /manifest.json
"GET /manifest.json HTTP/1.1" 404 2309
Not Found: /favicon.ico
"GET /favicon.ico HTTP/1.1" 404 2303
"GET /static/css/main.fcb0f327.chunk.css HTTP/1.1" 404 1707
"GET /static/js/2.ea3d7f39.chunk.js HTTP/1.1" 404 1692
"GET /static/css/2.a602c9db.chunk.css HTTP/1.1" 404 1698
"GET /static/js/main.f5ce2f9c.chunk.js HTTP/1.1" 404 1701
"GET /static/js/2.ea3d7f39.chunk.js HTTP/1.1" 404 1692
"GET /static/js/main.f5ce2f9c.chunk.js HTTP/1.1" 404 1701
Not Found: /manifest.json
"GET /manifest.json HTTP/1.1" 404 2309
Not Found: /favicon.ico
"GET /favicon.ico HTTP/1.1" 404 2303
"GET /static/css/2.a602c9db.chunk.css HTTP/1.1" 404 1698
"GET /static/js/2.ea3d7f39.chunk.js HTTP/1.1" 404 1692
"GET /static/css/main.fcb0f327.chunk.css HTTP/1.1" 404 1707
"GET /static/js/main.f5ce2f9c.chunk.js HTTP/1.1" 404 1701
"GET /static/js/2.ea3d7f39.chunk.js HTTP/1.1" 404 1692
"GET /static/js/main.f5ce2f9c.chunk.js HTTP/1.1" 404 1701
Not Found: /manifest.json
"GET /manifest.json HTTP/1.1" 404 2309
Not Found: /favicon.ico
"GET /favicon.ico HTTP/1.1" 404 2303
"GET /static/css/main.fcb0f327.chunk.css HTTP/1.1" 404 1707
"GET /static/css/2.a602c9db.chunk.css HTTP/1.1" 404 1698
"GET /static/js/main.f5ce2f9c.chunk.js HTTP/1.1" 404 1701
"GET /static/js/2.ea3d7f39.chunk.js HTTP/1.1" 404 1692
"GET /static/js/2.ea3d7f39.chunk.js HTTP/1.1" 404 1692
"GET /static/js/main.f5ce2f9c.chunk.js HTTP/1.1" 404 1701
Not Found: /manifest.json
"GET /manifest.json HTTP/1.1" 404 2309
Not Found: /favicon.ico
"GET /favicon.ico HTTP/1.1" 404 2303
"GET /static/js/main.f5ce2f9c.chunk.js HTTP/1.1" 404 1701
"GET /static/css/main.fcb0f327.chunk.css HTTP/1.1" 404 1707
"GET /static/js/2.ea3d7f39.chunk.js HTTP/1.1" 404 1692
"GET /static/css/2.a602c9db.chunk.css HTTP/1.1" 404 1698
"GET /static/js/2.ea3d7f39.chunk.js HTTP/1.1" 404 1692
"GET /static/js/main.f5ce2f9c.chunk.js HTTP/1.1" 404 1701
Not Found: /favicon.ico
"GET /favicon.ico HTTP/1.1" 404 2293
Not Found: /manifest.json
"GET /manifest.json HTTP/1.1" 404 2299
Not Found: /favicon.ico
"GET /favicon.ico HTTP/1.1" 404 2293
Not Found: /favicon.ico
"GET /favicon.ico HTTP/1.1" 404 2293
Not Found: /favicon.ico
"GET /favicon.ico HTTP/1.1" 404 2293
Not Found: /favicon.ico
"GET /favicon.ico HTTP/1.1" 404 2293
Not Found: /favicon.ico
"GET /favicon.ico HTTP/1.1" 404 2293
Forbidden: /api/regions/
"GET /api/regions/ HTTP/1.1" 403 5121
Forbidden: /api/trails/
"GET /api/trails/ HTTP/1.1" 403 5109
Forbidden: /api/regions/
"GET /api/regions/ HTTP/1.1" 403 5121
Not Found: /favicon.ico
"GET /favicon.ico HTTP/1.1" 404 2293
Not Found: /favicon.ico
"GET /favicon.ico HTTP/1.1" 404 2293
Forbidden: /api/regions/
"GET /api/regions/ HTTP/1.1" 403 5121
Forbidden: /api/trails/
"GET /api/trails/ HTTP/1.1" 403 33
Forbidden: /api/regions/
"GET /api/regions/ HTTP/1.1" 403 33
Forbidden: /api/regions/
"GET /api/regions/ HTTP/1.1" 403 33
Forbidden: /api/trails/
"GET /api/trails/ HTTP/1.1" 403 33
Forbidden: /api/regions/
"GET /api/regions/ HTTP/1.1" 403 33
Forbidden: /api/trails/
"GET /api/trails/ HTTP/1.1" 403 33
Not Found: /favicon.ico
"GET /favicon.ico HTTP/1.1" 404 2293
Not Found: /favicon.ico
"GET /favicon.ico HTTP/1.1" 404 2293
Forbidden: /api/regions/
"GET /api/regions/ HTTP/1.1" 403 33
Forbidden: /api/trails/
"GET /api/trails/ HTTP/1.1" 403 33
Not Found: /admin/
"GET /admin/ HTTP/1.1" 404 2201
Not Found: /favicon.ico
"GET /favicon.ico HTTP/1.1" 404 2216
Internal Server Error: /api/admin/traildiary/trail/add/
Traceback (most recent call last):
  File "/home/gregorhyneck/Projects/traildiary-backend/venv/lib/python3.8/site-packages/django/core/handlers/exception.py", line 47, in inner
    response = get_response(request)
  File "/home/gregorhyneck/Projects/traildiary-backend/venv/lib/python3.8/site-packages/django/core/handlers/base.py", line 181, in _get_response
    response = wrapped_callback(request, *callback_args, **callback_kwargs)
  File "/home/gregorhyneck/Projects/traildiary-backend/venv/lib/python3.8/site-packages/django/contrib/admin/options.py", line 616, in wrapper
    return self.admin_site.admin_view(view)(*args, **kwargs)
  File "/home/gregorhyneck/Projects/traildiary-backend/venv/lib/python3.8/site-packages/django/utils/decorators.py", line 130, in _wrapped_view
    response = view_func(request, *args, **kwargs)
  File "/home/gregorhyneck/Projects/traildiary-backend/venv/lib/python3.8/site-packages/django/views/decorators/cache.py", line 44, in _wrapped_view_func
    response = view_func(request, *args, **kwargs)
  File "/home/gregorhyneck/Projects/traildiary-backend/venv/lib/python3.8/site-packages/django/contrib/admin/sites.py", line 232, in inner
    return view(request, *args, **kwargs)
  File "/home/gregorhyneck/Projects/traildiary-backend/venv/lib/python3.8/site-packages/django/contrib/admin/options.py", line 1655, in add_view
    return self.changeform_view(request, None, form_url, extra_context)
  File "/home/gregorhyneck/Projects/traildiary-backend/venv/lib/python3.8/site-packages/django/utils/decorators.py", line 43, in _wrapper
    return bound_method(*args, **kwargs)
  File "/home/gregorhyneck/Projects/traildiary-backend/venv/lib/python3.8/site-packages/django/utils/decorators.py", line 130, in _wrapped_view
    response = view_func(request, *args, **kwargs)
  File "/home/gregorhyneck/Projects/traildiary-backend/venv/lib/python3.8/site-packages/django/contrib/admin/options.py", line 1538, in changeform_view
    return self._changeform_view(request, object_id, form_url, extra_context)
  File "/home/gregorhyneck/Projects/traildiary-backend/venv/lib/python3.8/site-packages/django/contrib/admin/options.py", line 1584, in _changeform_view
    self.save_model(request, new_object, form, not add)
  File "/home/gregorhyneck/Projects/traildiary-backend/venv/lib/python3.8/site-packages/django/contrib/admin/options.py", line 1097, in save_model
    obj.save()
  File "/home/gregorhyneck/Projects/traildiary-backend/mysite/traildiary/models.py", line 28, in save
    self.gpx_file_name = trail_directory_service.get_gpx_file_name()
  File "/home/gregorhyneck/Projects/traildiary-backend/mysite/traildiary/services.py", line 19, in get_gpx_file_name
    filename = self._get_gpx_file_name_without_path()
  File "/home/gregorhyneck/Projects/traildiary-backend/mysite/traildiary/services.py", line 25, in _get_gpx_file_name_without_path
    for file in self.filesystem.listdir('.')[1]:
  File "/home/gregorhyneck/Projects/traildiary-backend/venv/lib/python3.8/site-packages/django/core/files/storage.py", line 316, in listdir
    for entry in os.scandir(path):
FileNotFoundError: [Errno 2] No such file or directory: '/home/gregorhyneck/Projects/traildiary-backend/mysite/diaryFiles/FreiburgBodenseeQuerweg'
"POST /api/admin/traildiary/trail/add/ HTTP/1.1" 500 131224
Internal Server Error: /api/admin/traildiary/trail/add/
Traceback (most recent call last):
  File "/home/gregorhyneck/Projects/traildiary-backend/venv/lib/python3.8/site-packages/django/core/handlers/exception.py", line 47, in inner
    response = get_response(request)
  File "/home/gregorhyneck/Projects/traildiary-backend/venv/lib/python3.8/site-packages/django/core/handlers/base.py", line 181, in _get_response
    response = wrapped_callback(request, *callback_args, **callback_kwargs)
  File "/home/gregorhyneck/Projects/traildiary-backend/venv/lib/python3.8/site-packages/django/contrib/admin/options.py", line 616, in wrapper
    return self.admin_site.admin_view(view)(*args, **kwargs)
  File "/home/gregorhyneck/Projects/traildiary-backend/venv/lib/python3.8/site-packages/django/utils/decorators.py", line 130, in _wrapped_view
    response = view_func(request, *args, **kwargs)
  File "/home/gregorhyneck/Projects/traildiary-backend/venv/lib/python3.8/site-packages/django/views/decorators/cache.py", line 44, in _wrapped_view_func
    response = view_func(request, *args, **kwargs)
  File "/home/gregorhyneck/Projects/traildiary-backend/venv/lib/python3.8/site-packages/django/contrib/admin/sites.py", line 232, in inner
    return view(request, *args, **kwargs)
  File "/home/gregorhyneck/Projects/traildiary-backend/venv/lib/python3.8/site-packages/django/contrib/admin/options.py", line 1655, in add_view
    return self.changeform_view(request, None, form_url, extra_context)
  File "/home/gregorhyneck/Projects/traildiary-backend/venv/lib/python3.8/site-packages/django/utils/decorators.py", line 43, in _wrapper
    return bound_method(*args, **kwargs)
  File "/home/gregorhyneck/Projects/traildiary-backend/venv/lib/python3.8/site-packages/django/utils/decorators.py", line 130, in _wrapped_view
    response = view_func(request, *args, **kwargs)
  File "/home/gregorhyneck/Projects/traildiary-backend/venv/lib/python3.8/site-packages/django/contrib/admin/options.py", line 1538, in changeform_view
    return self._changeform_view(request, object_id, form_url, extra_context)
  File "/home/gregorhyneck/Projects/traildiary-backend/venv/lib/python3.8/site-packages/django/contrib/admin/options.py", line 1584, in _changeform_view
    self.save_model(request, new_object, form, not add)
  File "/home/gregorhyneck/Projects/traildiary-backend/venv/lib/python3.8/site-packages/django/contrib/admin/options.py", line 1097, in save_model
    obj.save()
  File "/home/gregorhyneck/Projects/traildiary-backend/mysite/traildiary/models.py", line 28, in save
    self.gpx_file_name = trail_directory_service.get_gpx_file_name()
  File "/home/gregorhyneck/Projects/traildiary-backend/mysite/traildiary/services.py", line 19, in get_gpx_file_name
    filename = self._get_gpx_file_name_without_path()
  File "/home/gregorhyneck/Projects/traildiary-backend/mysite/traildiary/services.py", line 25, in _get_gpx_file_name_without_path
    for file in self.filesystem.listdir('.')[1]:
  File "/home/gregorhyneck/Projects/traildiary-backend/venv/lib/python3.8/site-packages/django/core/files/storage.py", line 316, in listdir
    for entry in os.scandir(path):
FileNotFoundError: [Errno 2] No such file or directory: '/home/gregorhyneck/Projects/traildiary-backend/mysite/diaryFiles/FreiburgBodenseeQuerweg'
"POST /api/admin/traildiary/trail/add/ HTTP/1.1" 500 131352
Not Found: /favicon.ico
"GET /favicon.ico HTTP/1.1" 404 2216
Not Found: /favicon.ico
"GET /favicon.ico HTTP/1.1" 404 2216
Internal Server Error: /api/admin/traildiary/trail/add/
Traceback (most recent call last):
  File "/home/gregorhyneck/Projects/traildiary-backend/venv/lib/python3.8/site-packages/django/core/handlers/exception.py", line 47, in inner
    response = get_response(request)
  File "/home/gregorhyneck/Projects/traildiary-backend/venv/lib/python3.8/site-packages/django/core/handlers/base.py", line 181, in _get_response
    response = wrapped_callback(request, *callback_args, **callback_kwargs)
  File "/home/gregorhyneck/Projects/traildiary-backend/venv/lib/python3.8/site-packages/django/contrib/admin/options.py", line 616, in wrapper
    return self.admin_site.admin_view(view)(*args, **kwargs)
  File "/home/gregorhyneck/Projects/traildiary-backend/venv/lib/python3.8/site-packages/django/utils/decorators.py", line 130, in _wrapped_view
    response = view_func(request, *args, **kwargs)
  File "/home/gregorhyneck/Projects/traildiary-backend/venv/lib/python3.8/site-packages/django/views/decorators/cache.py", line 44, in _wrapped_view_func
    response = view_func(request, *args, **kwargs)
  File "/home/gregorhyneck/Projects/traildiary-backend/venv/lib/python3.8/site-packages/django/contrib/admin/sites.py", line 232, in inner
    return view(request, *args, **kwargs)
  File "/home/gregorhyneck/Projects/traildiary-backend/venv/lib/python3.8/site-packages/django/contrib/admin/options.py", line 1655, in add_view
    return self.changeform_view(request, None, form_url, extra_context)
  File "/home/gregorhyneck/Projects/traildiary-backend/venv/lib/python3.8/site-packages/django/utils/decorators.py", line 43, in _wrapper
    return bound_method(*args, **kwargs)
  File "/home/gregorhyneck/Projects/traildiary-backend/venv/lib/python3.8/site-packages/django/utils/decorators.py", line 130, in _wrapped_view
    response = view_func(request, *args, **kwargs)
  File "/home/gregorhyneck/Projects/traildiary-backend/venv/lib/python3.8/site-packages/django/contrib/admin/options.py", line 1538, in changeform_view
    return self._changeform_view(request, object_id, form_url, extra_context)
  File "/home/gregorhyneck/Projects/traildiary-backend/venv/lib/python3.8/site-packages/django/contrib/admin/options.py", line 1584, in _changeform_view
    self.save_model(request, new_object, form, not add)
  File "/home/gregorhyneck/Projects/traildiary-backend/venv/lib/python3.8/site-packages/django/contrib/admin/options.py", line 1097, in save_model
    obj.save()
  File "/home/gregorhyneck/Projects/traildiary-backend/mysite/traildiary/models.py", line 28, in save
  File "/home/gregorhyneck/Projects/traildiary-backend/mysite/traildiary/services.py", line 19, in get_gpx_file_name
  File "/home/gregorhyneck/Projects/traildiary-backend/mysite/traildiary/services.py", line 25, in _get_gpx_file_name_without_path
  File "/home/gregorhyneck/Projects/traildiary-backend/venv/lib/python3.8/site-packages/django/core/files/storage.py", line 316, in listdir
    for entry in os.scandir(path):
FileNotFoundError: [Errno 2] No such file or directory: '/home/gregorhyneck/Projects/traildiary-backend/mysite/media/AbrutschfelsMoosch'
"POST /api/admin/traildiary/trail/add/ HTTP/1.1" 500 124276
